android/app/build/outputs/logs/manifest-merger-debug-report.txt
-- Merging decision tree log ---
manifest
ADDED from src/main/AndroidManifest.xml:1:1-62:12
INJECTED from src/main/AndroidManifest.xml:1:1-62:12
INJECTED from src/main/AndroidManifest.xml:1:1-62:12
INJECTED from src/main/AndroidManifest.xml:1:1-62:12
MERGED from src/main/AndroidManifest.xml:1:1-62:12
MERGED from [:cloud_firestore] AndroidManifest.xml:2:1-15:12
MERGED from [:firebase_auth] AndroidManifest.xml:2:1-15:12
MERGED from [:firebase_storage] AndroidManifest.xml:2:1-15:12
MERGED from [:firebase_messaging] AndroidManifest.xml:2:1-46:12
MERGED from [:firebase_core] AndroidManifest.xml:2:1-15:12
MERGED from [:google_maps_flutter] AndroidManifest.xml:2:1-7:12
MERGED from [:image_picker] AndroidManifest.xml:2:1-19:12
MERGED from [:flutter_plugin_android_lifecycle] AndroidManifest.xml:2:1-7:12
MERGED from [:sqflite] AndroidManifest.xml:2:1-7:12
MERGED from [:flutter_local_notifications] AndroidManifest.xml:2:1-23:12
MERGED from [:path_provider_android] AndroidManifest.xml:2:1-7:12
MERGED from [:agora_rtc_engine] AndroidManifest.xml:2:1-23:12
MERGED from [:google_api_headers] AndroidManifest.xml:2:1-7:12
MERGED from [:package_info_plus] AndroidManifest.xml:2:1-7:12
MERGED from [:url_launcher] AndroidManifest.xml:2:1-14:12
MERGED from [:location] AndroidManifest.xml:2:1-18:12
MERGED from [androidx.multidex:multidex:2.0.0] AndroidManifest.xml:17:1-22:12
MERGED from [com.google.firebase:firebase-analytics:20.0.0] AndroidManifest.xml:2:1-9:12
MERGED from [com.google.firebase:firebase-messaging:23.0.0] AndroidManifest.xml:17:1-58:12
MERGED from [com.google.firebase:firebase-datatransport:18.0.0] AndroidManifest.xml:15:1-34:12
MERGED from [com.google.android.datatransport:transport-backend-cct:3.0.0] AndroidManifest.xml:15:1-38:12
MERGED from [com.google.firebase:firebase-encoders-json:18.0.0] AndroidManifest.xml:15:1-23:12
MERGED from [com.google.firebase:firebase-auth:21.0.1] AndroidManifest.xml:17:1-83:12
MERGED from [com.google.firebase:firebase-firestore:24.0.0] AndroidManifest.xml:2:1-26:12
MERGED from [com.google.firebase:firebase-storage:20.0.0] AndroidManifest.xml:15:1-39:12
MERGED from [com.google.android.gms:play-services-measurement-api:20.0.0] AndroidManifest.xml:17:1-36:12
MERGED from [com.google.firebase:firebase-appcheck-interop:16.0.0-beta02] AndroidManifest.xml:15:1-26:12
MERGED from [com.google.firebase:firebase-auth-interop:20.0.0] AndroidManifest.xml:2:1-10:12
MERGED from [com.google.firebase:firebase-installations:17.0.0] AndroidManifest.xml:2:1-24:12
MERGED from [com.google.firebase:firebase-common:20.0.0] AndroidManifest.xml:15:1-40:12
MERGED from [androidx.exifinterface:exifinterface:1.3.0] AndroidManifest.xml:17:1-24:12
MERGED from [androidx.core:core-ktx:1.3.2] AndroidManifest.xml:2:1-9:12
MERGED from [com.google.android.gms:play-services-measurement:20.0.0] AndroidManifest.xml:17:1-46:12
MERGED from [com.google.android.gms:play-services-measurement-sdk:20.0.0] AndroidManifest.xml:17:1-25:12
MERGED from [com.google.android.gms:play-services-measurement-impl:20.0.0] AndroidManifest.xml:17:1-31:12
MERGED from [com.google.android.gms:play-services-stats:17.0.0] AndroidManifest.xml:2:1-9:12
MERGED from [androidx.browser:browser:1.0.0] AndroidManifest.xml:17:1-22:12
MERGED from [androidx.legacy:legacy-support-core-ui:1.0.0] AndroidManifest.xml:17:1-22:12
MERGED from [androidx.legacy:legacy-support-core-utils:1.0.0] AndroidManifest.xml:17:1-22:12
MERGED from [androidx.localbroadcastmanager:localbroadcastmanager:1.0.0] AndroidManifest.xml:17:1-22:12
MERGED from [androidx.media:media:1.1.0] AndroidManifest.xml:17:1-24:12
MERGED from [com.google.android.gms:play-services-maps:17.0.0] AndroidManifest.xml:17:1-38:12
MERGED from [com.google.android.gms:play-services-location:16.0.0] AndroidManifest.xml:2:1-9:12
MERGED from [com.google.firebase:firebase-database-collection:18.0.0] AndroidManifest.xml:2:1-9:12
MERGED from [com.google.android.gms:play-services-auth-api-phone:17.4.0] AndroidManifest.xml:2:1-7:12
MERGED from [com.google.android.gms:play-services-safetynet:17.0.0] AndroidManifest.xml:17:1-24:12
MERGED from [com.google.android.gms:play-services-base:17.1.0] AndroidManifest.xml:17:1-29:12
MERGED from [com.google.android.gms:play-services-cloud-messaging:17.0.0] AndroidManifest.xml:2:1-13:12
MERGED from [com.google.firebase:firebase-iid-interop:17.1.0] AndroidManifest.xml:2:1-10:12
MERGED from [com.google.firebase:firebase-installations-interop:17.0.0] AndroidManifest.xml:15:1-23:12
MERGED from [com.google.android.gms:play-services-tasks:17.0.0] AndroidManifest.xml:2:1-9:12
MERGED from [com.google.android.gms:play-services-places-placereport:16.0.0] AndroidManifest.xml:17:1-24:12
MERGED from [com.google.firebase:firebase-measurement-connector:19.0.0] AndroidManifest.xml:17:1-25:12
MERGED from [com.google.android.gms:play-services-ads-identifier:17.0.0] AndroidManifest.xml:17:1-24:12
MERGED from [com.google.android.gms:play-services-measurement-sdk-api:20.0.0] AndroidManifest.xml:17:1-27:12
MERGED from [com.google.android.gms:play-services-measurement-base:20.0.0] AndroidManifest.xml:2:1-9:12
MERGED from [com.google.android.gms:play-services-basement:17.1.0] AndroidManifest.xml:17:1-28:12
MERGED from [androidx.fragment:fragment:1.1.0] AndroidManifest.xml:17:1-24:12
MERGED from [androidx.viewpager:viewpager:1.0.0] AndroidManifest.xml:17:1-22:12
MERGED from [androidx.loader:loader:1.0.0] AndroidManifest.xml:17:1-22:12
MERGED from [androidx.activity:activity:1.0.0] AndroidManifest.xml:17:1-24:12
MERGED from [androidx.coordinatorlayout:coordinatorlayout:1.0.0] AndroidManifest.xml:17:1-22:12
MERGED from [androidx.drawerlayout:drawerlayout:1.0.0] AndroidManifest.xml:17:1-22:12
MERGED from [androidx.slidingpanelayout:slidingpanelayout:1.0.0] AndroidManifest.xml:17:1-22:12
MERGED from [androidx.customview:customview:1.0.0] AndroidManifest.xml:17:1-22:12
MERGED from [androidx.swiperefreshlayout:swiperefreshlayout:1.0.0] AndroidManifest.xml:17:1-22:12
MERGED from [androidx.asynclayoutinflater:asynclayoutinflater:1.0.0] AndroidManifest.xml:17:1-22:12
MERGED from [androidx.core:core:1.3.2] AndroidManifest.xml:17:1-26:12
MERGED from [androidx.lifecycle:lifecycle-runtime:2.2.0] AndroidManifest.xml:17:1-24:12
MERGED from [androidx.savedstate:savedstate:1.0.0] AndroidManifest.xml:17:1-24:12
MERGED from [androidx.lifecycle:lifecycle-livedata:2.0.0] AndroidManifest.xml:17:1-22:12
MERGED from [androidx.lifecycle:lifecycle-livedata-core:2.0.0] AndroidManifest.xml:17:1-22:12
MERGED from [com.google.firebase:firebase-components:17.0.0] AndroidManifest.xml:15:1-23:12
MERGED from [com.google.android.datatransport:transport-runtime:3.0.0] AndroidManifest.xml:15:1-41:12
MERGED from [com.google.android.datatransport:transport-api:3.0.0] AndroidManifest.xml:15:1-22:12
MERGED from [androidx.arch.core:core-runtime:2.0.0] AndroidManifest.xml:17:1-22:12
MERGED from [androidx.versionedparcelable:versionedparcelable:1.1.0] AndroidManifest.xml:17:1-27:12
MERGED from [androidx.interpolator:interpolator:1.0.0] AndroidManifest.xml:17:1-22:12
MERGED from [androidx.documentfile:documentfile:1.0.0] AndroidManifest.xml:17:1-22:12
MERGED from [androidx.print:print:1.0.0] AndroidManifest.xml:17:1-22:12
MERGED from [androidx.lifecycle:lifecycle-viewmodel:2.1.0] AndroidManifest.xml:17:1-22:12
MERGED from [androidx.cursoradapter:cursoradapter:1.0.0] AndroidManifest.xml:17:1-22:12
MERGED from [io.grpc:grpc-android:1.41.0] AndroidManifest.xml:2:1-13:12
MERGED from [com.jakewharton.threetenabp:threetenabp:1.2.3] AndroidManifest.xml:2:1-9:12
MERGED from [com.github.agorabuilder:native-full-sdk:3.5.0.3] AndroidManifest.xml:2:1-11:12
MERGED from [com.google.firebase:protolite-well-known-types:18.0.0] AndroidManifest.xml:2:1-11:12
INJECTED from src/debug/AndroidManifest.xml:1:1-7:12
INJECTED from src/debug/AndroidManifest.xml:1:1-7:12
INJECTED from src/debug/AndroidManifest.xml:1:1-7:12
	package
		ADDED from src/main/AndroidManifest.xml:2:5-39
		INJECTED from src/main/AndroidManifest.xml
		INJECTED from src/debug/AndroidManifest.xml
	android:versionName
		INJECTED from src/main/AndroidManifest.xml
		ADDED from src/main/AndroidManifest.xml:1:1-62:12
		INJECTED from src/debug/AndroidManifest.xml
	android:versionCode
		INJECTED from src/main/AndroidManifest.xml
		ADDED from src/main/AndroidManifest.xml:1:1-62:12
		INJECTED from src/debug/AndroidManifest.xml
	xmlns:android
		ADDED from src/main/AndroidManifest.xml:1:11-69
uses-permission#android.permission.INTERNET
ADDED from src/main/AndroidManifest.xml:3:5-66
MERGED from src/main/AndroidManifest.xml:3:5-66
MERGED from src/main/AndroidManifest.xml:3:5-66
MERGED from src/main/AndroidManifest.xml:6:5-67
MERGED from src/main/AndroidManifest.xml:6:5-67
MERGED from [:firebase_messaging] AndroidManifest.xml:7:5-67
MERGED from [:firebase_messaging] AndroidManifest.xml:7:5-67
MERGED from [:agora_rtc_engine] AndroidManifest.xml:11:5-67
MERGED from [:agora_rtc_engine] AndroidManifest.xml:11:5-67
MERGED from [com.google.android.datatransport:transport-backend-cct:3.0.0] AndroidManifest.xml:26:5-67
MERGED from [com.google.android.datatransport:transport-backend-cct:3.0.0] AndroidManifest.xml:26:5-67
MERGED from [com.google.firebase:firebase-auth:21.0.1] AndroidManifest.xml:23:5-67
MERGED from [com.google.firebase:firebase-auth:21.0.1] AndroidManifest.xml:23:5-67
MERGED from [com.google.firebase:firebase-firestore:24.0.0] AndroidManifest.xml:14:5-67
MERGED from [com.google.firebase:firebase-firestore:24.0.0] AndroidManifest.xml:14:5-67
MERGED from [com.google.firebase:firebase-storage:20.0.0] AndroidManifest.xml:27:5-67
MERGED from [com.google.firebase:firebase-storage:20.0.0] AndroidManifest.xml:27:5-67
MERGED from [com.google.android.gms:play-services-measurement-api:20.0.0] AndroidManifest.xml:22:5-67
MERGED from [com.google.android.gms:play-services-measurement-api:20.0.0] AndroidManifest.xml:22:5-67
MERGED from [com.google.firebase:firebase-installations:17.0.0] AndroidManifest.xml:11:5-67
MERGED from [com.google.firebase:firebase-installations:17.0.0] AndroidManifest.xml:11:5-67
MERGED from [com.google.android.gms:play-services-measurement:20.0.0] AndroidManifest.xml:23:5-67
MERGED from [com.google.android.gms:play-services-measurement:20.0.0] AndroidManifest.xml:23:5-67
MERGED from [com.google.android.gms:play-services-measurement-impl:20.0.0] AndroidManifest.xml:23:5-67
MERGED from [com.google.android.gms:play-services-measurement-impl:20.0.0] AndroidManifest.xml:23:5-67
MERGED from [com.google.android.gms:play-services-maps:17.0.0] AndroidManifest.xml:24:5-67
MERGED from [com.google.android.gms:play-services-maps:17.0.0] AndroidManifest.xml:24:5-67
MERGED from [com.google.android.gms:play-services-cloud-messaging:17.0.0] AndroidManifest.xml:8:5-67
MERGED from [com.google.android.gms:play-services-cloud-messaging:17.0.0] AndroidManifest.xml:8:5-67
MERGED from [com.google.android.gms:play-services-measurement-sdk-api:20.0.0] AndroidManifest.xml:23:5-67
MERGED from [com.google.android.gms:play-services-measurement-sdk-api:20.0.0] AndroidManifest.xml:23:5-67
	android:name
		ADDED from src/main/AndroidManifest.xml:3:22-64
uses-permission#android.permission.ACCESS_NETWORK_STATE
ADDED from src/main/AndroidManifest.xml:4:5-79
MERGED from [:firebase_messaging] AndroidManifest.xml:9:5-79
MERGED from [:firebase_messaging] AndroidManifest.xml:9:5-79
MERGED from [:agora_rtc_engine] AndroidManifest.xml:15:5-79
MERGED from [:agora_rtc_engine] AndroidManifest.xml:15:5-79
MERGED from [com.google.firebase:firebase-messaging:23.0.0] AndroidManifest.xml:22:5-79
MERGED from [com.google.firebase:firebase-messaging:23.0.0] AndroidManifest.xml:22:5-79
MERGED from [com.google.android.datatransport:transport-backend-cct:3.0.0] AndroidManifest.xml:25:5-79
MERGED from [com.google.android.datatransport:transport-backend-cct:3.0.0] AndroidManifest.xml:25:5-79
MERGED from [com.google.firebase:firebase-auth:21.0.1] AndroidManifest.xml:24:5-79
MERGED from [com.google.firebase:firebase-auth:21.0.1] AndroidManifest.xml:24:5-79
MERGED from [com.google.firebase:firebase-firestore:24.0.0] AndroidManifest.xml:13:5-79
MERGED from [com.google.firebase:firebase-firestore:24.0.0] AndroidManifest.xml:13:5-79
MERGED from [com.google.firebase:firebase-storage:20.0.0] AndroidManifest.xml:26:5-79
MERGED from [com.google.firebase:firebase-storage:20.0.0] AndroidManifest.xml:26:5-79
MERGED from [com.google.android.gms:play-services-measurement-api:20.0.0] AndroidManifest.xml:23:5-79
MERGED from [com.google.android.gms:play-services-measurement-api:20.0.0] AndroidManifest.xml:23:5-79
MERGED from [com.google.firebase:firebase-installations:17.0.0] AndroidManifest.xml:10:5-79
MERGED from [com.google.firebase:firebase-installations:17.0.0] AndroidManifest.xml:10:5-79
MERGED from [com.google.android.gms:play-services-measurement:20.0.0] AndroidManifest.xml:24:5-79
MERGED from [com.google.android.gms:play-services-measurement:20.0.0] AndroidManifest.xml:24:5-79
MERGED from [com.google.android.gms:play-services-measurement-impl:20.0.0] AndroidManifest.xml:24:5-79
MERGED from [com.google.android.gms:play-services-measurement-impl:20.0.0] AndroidManifest.xml:24:5-79
MERGED from [com.google.android.gms:play-services-maps:17.0.0] AndroidManifest.xml:23:5-79
MERGED from [com.google.android.gms:play-services-maps:17.0.0] AndroidManifest.xml:23:5-79
MERGED from [com.google.android.gms:play-services-cloud-messaging:17.0.0] AndroidManifest.xml:7:5-79
MERGED from [com.google.android.gms:play-services-cloud-messaging:17.0.0] AndroidManifest.xml:7:5-79
MERGED from [com.google.android.gms:play-services-measurement-sdk-api:20.0.0] AndroidManifest.xml:24:5-79
MERGED from [com.google.android.gms:play-services-measurement-sdk-api:20.0.0] AndroidManifest.xml:24:5-79
MERGED from [com.google.android.datatransport:transport-runtime:3.0.0] AndroidManifest.xml:22:5-79
MERGED from [com.google.android.datatransport:transport-runtime:3.0.0] AndroidManifest.xml:22:5-79
MERGED from [io.grpc:grpc-android:1.41.0] AndroidManifest.xml:11:5-79
MERGED from [io.grpc:grpc-android:1.41.0] AndroidManifest.xml:11:5-79
	android:name
		ADDED from src/main/AndroidManifest.xml:4:22-76
uses-permission#android.permission.READ_PHONE_STATE
ADDED from src/main/AndroidManifest.xml:5:5-74
MERGED from [:agora_rtc_engine] AndroidManifest.xml:10:5-75
MERGED from [:agora_rtc_engine] AndroidManifest.xml:10:5-75
	android:name
		ADDED from src/main/AndroidManifest.xml:5:22-72
uses-permission#android.permission.RECORD_AUDIO
ADDED from src/main/AndroidManifest.xml:7:5-71
MERGED from [:agora_rtc_engine] AndroidManifest.xml:12:5-71
MERGED from [:agora_rtc_engine] AndroidManifest.xml:12:5-71
	android:name
		ADDED from src/main/AndroidManifest.xml:7:22-68
uses-permission#android.permission.CAMERA
ADDED from src/main/AndroidManifest.xml:8:5-65
MERGED from [:agora_rtc_engine] AndroidManifest.xml:13:5-65
MERGED from [:agora_rtc_engine] AndroidManifest.xml:13:5-65
	android:name
		ADDED from src/main/AndroidManifest.xml:8:22-62
uses-permission#android.permission.MODIFY_AUDIO_SETTINGS
ADDED from src/main/AndroidManifest.xml:9:5-80
MERGED from [:agora_rtc_engine] AndroidManifest.xml:14:5-80
MERGED from [:agora_rtc_engine] AndroidManifest.xml:14:5-80
	android:name
		ADDED from src/main/AndroidManifest.xml:9:22-77
uses-permission#android.permission.BLUETOOTH
ADDED from src/main/AndroidManifest.xml:12:5-68
MERGED from [:agora_rtc_engine] AndroidManifest.xml:16:5-68
MERGED from [:agora_rtc_engine] AndroidManifest.xml:16:5-68
	android:name
		ADDED from src/main/AndroidManifest.xml:12:22-65
application
ADDED from src/main/AndroidManifest.xml:13:5-61:19
MERGED from [:cloud_firestore] AndroidManifest.xml:7:5-13:19
MERGED from [:cloud_firestore] AndroidManifest.xml:7:5-13:19
MERGED from [:firebase_auth] AndroidManifest.xml:7:5-13:19
MERGED from [:firebase_auth] AndroidManifest.xml:7:5-13:19
MERGED from [:firebase_storage] AndroidManifest.xml:7:5-13:19
MERGED from [:firebase_storage] AndroidManifest.xml:7:5-13:19
MERGED from [:firebase_messaging] AndroidManifest.xml:11:5-44:19
MERGED from [:firebase_messaging] AndroidManifest.xml:11:5-44:19
MERGED from [:firebase_core] AndroidManifest.xml:7:5-13:19
MERGED from [:firebase_core] AndroidManifest.xml:7:5-13:19
MERGED from [:image_picker] AndroidManifest.xml:7:5-17:19
MERGED from [:image_picker] AndroidManifest.xml:7:5-17:19
MERGED from [:flutter_local_notifications] AndroidManifest.xml:11:5-21:19
MERGED from [:flutter_local_notifications] AndroidManifest.xml:11:5-21:19
MERGED from [:url_launcher] AndroidManifest.xml:7:5-12:19
MERGED from [:url_launcher] AndroidManifest.xml:7:5-12:19
MERGED from [:location] AndroidManifest.xml:10:5-16:19
MERGED from [:location] AndroidManifest.xml:10:5-16:19
MERGED from [com.google.firebase:firebase-analytics:20.0.0] AndroidManifest.xml:7:5-20
MERGED from [com.google.firebase:firebase-analytics:20.0.0] AndroidManifest.xml:7:5-20
MERGED from [com.google.firebase:firebase-messaging:23.0.0] AndroidManifest.xml:27:5-56:19
MERGED from [com.google.firebase:firebase-messaging:23.0.0] AndroidManifest.xml:27:5-56:19
MERGED from [com.google.firebase:firebase-datatransport:18.0.0] AndroidManifest.xml:24:5-32:19
MERGED from [com.google.firebase:firebase-datatransport:18.0.0] AndroidManifest.xml:24:5-32:19
MERGED from [com.google.android.datatransport:transport-backend-cct:3.0.0] AndroidManifest.xml:28:5-36:19
MERGED from [com.google.android.datatransport:transport-backend-cct:3.0.0] AndroidManifest.xml:28:5-36:19
MERGED from [com.google.firebase:firebase-auth:21.0.1] AndroidManifest.xml:26:5-81:19
MERGED from [com.google.firebase:firebase-auth:21.0.1] AndroidManifest.xml:26:5-81:19
MERGED from [com.google.firebase:firebase-firestore:24.0.0] AndroidManifest.xml:16:5-24:19
MERGED from [com.google.firebase:firebase-firestore:24.0.0] AndroidManifest.xml:16:5-24:19
MERGED from [com.google.firebase:firebase-storage:20.0.0] AndroidManifest.xml:29:5-37:19
MERGED from [com.google.firebase:firebase-storage:20.0.0] AndroidManifest.xml:29:5-37:19
MERGED from [com.google.android.gms:play-services-measurement-api:20.0.0] AndroidManifest.xml:26:5-34:19
MERGED from [com.google.android.gms:play-services-measurement-api:20.0.0] AndroidManifest.xml:26:5-34:19
MERGED from [com.google.firebase:firebase-appcheck-interop:16.0.0-beta02] AndroidManifest.xml:24:5-20
MERGED from [com.google.firebase:firebase-appcheck-interop:16.0.0-beta02] AndroidManifest.xml:24:5-20
MERGED from [com.google.firebase:firebase-auth-interop:20.0.0] AndroidManifest.xml:7:5-8:19
MERGED from [com.google.firebase:firebase-auth-interop:20.0.0] AndroidManifest.xml:7:5-8:19
MERGED from [com.google.firebase:firebase-installations:17.0.0] AndroidManifest.xml:14:5-22:19
MERGED from [com.google.firebase:firebase-installations:17.0.0] AndroidManifest.xml:14:5-22:19
MERGED from [com.google.firebase:firebase-common:20.0.0] AndroidManifest.xml:25:5-38:19
MERGED from [com.google.firebase:firebase-common:20.0.0] AndroidManifest.xml:25:5-38:19
MERGED from [com.google.android.gms:play-services-measurement:20.0.0] AndroidManifest.xml:28:5-44:19
MERGED from [com.google.android.gms:play-services-measurement:20.0.0] AndroidManifest.xml:28:5-44:19
MERGED from [com.google.android.gms:play-services-measurement-sdk:20.0.0] AndroidManifest.xml:22:5-23:19
MERGED from [com.google.android.gms:play-services-measurement-sdk:20.0.0] AndroidManifest.xml:22:5-23:19
MERGED from [com.google.android.gms:play-services-measurement-impl:20.0.0] AndroidManifest.xml:28:5-29:19
MERGED from [com.google.android.gms:play-services-measurement-impl:20.0.0] AndroidManifest.xml:28:5-29:19
MERGED from [com.google.android.gms:play-services-stats:17.0.0] AndroidManifest.xml:7:5-20
MERGED from [com.google.android.gms:play-services-stats:17.0.0] AndroidManifest.xml:7:5-20
MERGED from [com.google.android.gms:play-services-maps:17.0.0] AndroidManifest.xml:30:5-36:19
MERGED from [com.google.android.gms:play-services-maps:17.0.0] AndroidManifest.xml:30:5-36:19
MERGED from [com.google.android.gms:play-services-location:16.0.0] AndroidManifest.xml:7:5-20
MERGED from [com.google.android.gms:play-services-location:16.0.0] AndroidManifest.xml:7:5-20
MERGED from [com.google.android.gms:play-services-safetynet:17.0.0] AndroidManifest.xml:22:5-20
MERGED from [com.google.android.gms:play-services-safetynet:17.0.0] AndroidManifest.xml:22:5-20
MERGED from [com.google.android.gms:play-services-base:17.1.0] AndroidManifest.xml:22:5-27:19
MERGED from [com.google.android.gms:play-services-base:17.1.0] AndroidManifest.xml:22:5-27:19
MERGED from [com.google.firebase:firebase-iid-interop:17.1.0] AndroidManifest.xml:7:5-8:19
MERGED from [com.google.firebase:firebase-iid-interop:17.1.0] AndroidManifest.xml:7:5-8:19
MERGED from [com.google.android.gms:play-services-tasks:17.0.0] AndroidManifest.xml:7:5-20
MERGED from [com.google.android.gms:play-services-tasks:17.0.0] AndroidManifest.xml:7:5-20
MERGED from [com.google.android.gms:play-services-places-placereport:16.0.0] AndroidManifest.xml:22:5-20
MERGED from [com.google.android.gms:play-services-places-placereport:16.0.0] AndroidManifest.xml:22:5-20
MERGED from [com.google.firebase:firebase-measurement-connector:19.0.0] AndroidManifest.xml:22:5-23:19
MERGED from [com.google.firebase:firebase-measurement-connector:19.0.0] AndroidManifest.xml:22:5-23:19
MERGED from [com.google.android.gms:play-services-ads-identifier:17.0.0] AndroidManifest.xml:22:5-20
MERGED from [com.google.android.gms:play-services-ads-identifier:17.0.0] AndroidManifest.xml:22:5-20
MERGED from [com.google.android.gms:play-services-measurement-base:20.0.0] AndroidManifest.xml:7:5-20
MERGED from [com.google.android.gms:play-services-measurement-base:20.0.0] AndroidManifest.xml:7:5-20
MERGED from [com.google.android.gms:play-services-basement:17.1.0] AndroidManifest.xml:22:5-26:19
MERGED from [com.google.android.gms:play-services-basement:17.1.0] AndroidManifest.xml:22:5-26:19
MERGED from [androidx.core:core:1.3.2] AndroidManifest.xml:24:5-89
MERGED from [androidx.core:core:1.3.2] AndroidManifest.xml:24:5-89
MERGED from [com.google.android.datatransport:transport-runtime:3.0.0] AndroidManifest.xml:25:5-39:19
MERGED from [com.google.android.datatransport:transport-runtime:3.0.0] AndroidManifest.xml:25:5-39:19
MERGED from [androidx.versionedparcelable:versionedparcelable:1.1.0] AndroidManifest.xml:24:5-25:19
MERGED from [androidx.versionedparcelable:versionedparcelable:1.1.0] AndroidManifest.xml:24:5-25:19
MERGED from [com.jakewharton.threetenabp:threetenabp:1.2.3] AndroidManifest.xml:7:5-20
MERGED from [com.jakewharton.threetenabp:threetenabp:1.2.3] AndroidManifest.xml:7:5-20
	android:appComponentFactory
		ADDED from [androidx.core:core:1.3.2] AndroidManifest.xml:24:18-86
	android:label
		ADDED from src/main/AndroidManifest.xml:14:9-35
	android:icon
		ADDED from src/main/AndroidManifest.xml:15:9-43
activity#com.example.find_my_path.MainActivity
ADDED from src/main/AndroidManifest.xml:16:9-49:20
	android:screenOrientation
		ADDED from src/main/AndroidManifest.xml:22:13-49
	android:launchMode
		ADDED from src/main/AndroidManifest.xml:18:13-43
	android:hardwareAccelerated
		ADDED from src/main/AndroidManifest.xml:21:13-47
	android:windowSoftInputMode
		ADDED from src/main/AndroidManifest.xml:23:13-55
	android:configChanges
		ADDED from src/main/AndroidManifest.xml:20:13-163
	android:theme
		ADDED from src/main/AndroidManifest.xml:19:13-47
	android:name
		ADDED from src/main/AndroidManifest.xml:17:13-41
meta-data#io.flutter.embedding.android.NormalTheme
ADDED from src/main/AndroidManifest.xml:28:13-31:17
	android:resource
		ADDED from src/main/AndroidManifest.xml:30:15-52
	android:name
		ADDED from src/main/AndroidManifest.xml:29:15-70
meta-data#io.flutter.embedding.android.SplashScreenDrawable
ADDED from src/main/AndroidManifest.xml:37:13-40:17
	android:resource
		ADDED from src/main/AndroidManifest.xml:39:15-61
	android:name
		ADDED from src/main/AndroidManifest.xml:38:15-79
intent-filter#action:name:android.intent.action.MAIN+category:name:android.intent.category.LAUNCHER
ADDED from src/main/AndroidManifest.xml:41:13-44:29
action#android.intent.action.MAIN
ADDED from src/main/AndroidManifest.xml:42:17-68
	android:name
		ADDED from src/main/AndroidManifest.xml:42:25-66
category#android.intent.category.LAUNCHER
ADDED from src/main/AndroidManifest.xml:43:17-76
	android:name
		ADDED from src/main/AndroidManifest.xml:43:27-74
intent-filter#action:name:FLUTTER_NOTIFICATION_CLICK+action:name:android.intent.category.DEFAULT
ADDED from src/main/AndroidManifest.xml:45:13-48:29
action#FLUTTER_NOTIFICATION_CLICK
ADDED from src/main/AndroidManifest.xml:46:17-69
	android:name
		ADDED from src/main/AndroidManifest.xml:46:25-66
action#android.intent.category.DEFAULT
ADDED from src/main/AndroidManifest.xml:47:17-74
	android:name
		ADDED from src/main/AndroidManifest.xml:47:25-71
meta-data#flutterEmbedding
ADDED from src/main/AndroidManifest.xml:52:9-54:33
	android:value
		ADDED from src/main/AndroidManifest.xml:54:13-30
	android:name
		ADDED from src/main/AndroidManifest.xml:53:13-44
meta-data#com.google.firebase.messaging.default_notification_channel_id
ADDED from src/main/AndroidManifest.xml:55:9-57:55
	android:value
		ADDED from src/main/AndroidManifest.xml:57:13-52
	android:name
		ADDED from src/main/AndroidManifest.xml:56:13-89
meta-data#com.google.android.geo.API_KEY
ADDED from src/main/AndroidManifest.xml:58:9-60:70
	android:value
		ADDED from src/main/AndroidManifest.xml:60:13-68
	android:name
		ADDED from src/main/AndroidManifest.xml:59:13-58
uses-sdk
INJECTED from src/main/AndroidManifest.xml reason: use-sdk injection requested
INJECTED from src/main/AndroidManifest.xml
INJECTED from src/main/AndroidManifest.xml
MERGED from [:cloud_firestore] AndroidManifest.xml:5:5-44
MERGED from [:cloud_firestore] AndroidManifest.xml:5:5-44
MERGED from [:firebase_auth] AndroidManifest.xml:5:5-44
MERGED from [:firebase_auth] AndroidManifest.xml:5:5-44
MERGED from [:firebase_storage] AndroidManifest.xml:5:5-44
MERGED from [:firebase_storage] AndroidManifest.xml:5:5-44
MERGED from [:firebase_messaging] AndroidManifest.xml:5:5-44
MERGED from [:firebase_messaging] AndroidManifest.xml:5:5-44
MERGED from [:firebase_core] AndroidManifest.xml:5:5-44
MERGED from [:firebase_core] AndroidManifest.xml:5:5-44
MERGED from [:google_maps_flutter] AndroidManifest.xml:5:5-44
MERGED from [:google_maps_flutter] AndroidManifest.xml:5:5-44
MERGED from [:image_picker] AndroidManifest.xml:5:5-44
MERGED from [:image_picker] AndroidManifest.xml:5:5-44
MERGED from [:flutter_plugin_android_lifecycle] AndroidManifest.xml:5:5-44
MERGED from [:flutter_plugin_android_lifecycle] AndroidManifest.xml:5:5-44
MERGED from [:sqflite] AndroidManifest.xml:5:5-44
MERGED from [:sqflite] AndroidManifest.xml:5:5-44
MERGED from [:flutter_local_notifications] AndroidManifest.xml:5:5-44
MERGED from [:flutter_local_notifications] AndroidManifest.xml:5:5-44
MERGED from [:path_provider_android] AndroidManifest.xml:5:5-44
MERGED from [:path_provider_android] AndroidManifest.xml:5:5-44
MERGED from [:agora_rtc_engine] AndroidManifest.xml:6:5-8:41
MERGED from [:agora_rtc_engine] AndroidManifest.xml:6:5-8:41
MERGED from [:google_api_headers] AndroidManifest.xml:5:5-44
MERGED from [:google_api_headers] AndroidManifest.xml:5:5-44
MERGED from [:package_info_plus] AndroidManifest.xml:5:5-44
MERGED from [:package_info_plus] AndroidManifest.xml:5:5-44
MERGED from [:url_launcher] AndroidManifest.xml:5:5-44
MERGED from [:url_launcher] AndroidManifest.xml:5:5-44
MERGED from [:location] AndroidManifest.xml:5:5-44
MERGED from [:location] AndroidManifest.xml:5:5-44
MERGED from [androidx.multidex:multidex:2.0.0] AndroidManifest.xml:20:5-43
MERGED from [androidx.multidex:multidex:2.0.0] AndroidManifest.xml:20:5-43
MERGED from [com.google.firebase:firebase-analytics:20.0.0] AndroidManifest.xml:5:5-44
MERGED from [com.google.firebase:firebase-analytics:20.0.0] AndroidManifest.xml:5:5-44
MERGED from [com.google.firebase:firebase-messaging:23.0.0] AndroidManifest.xml:20:5-44
MERGED from [com.google.firebase:firebase-messaging:23.0.0] AndroidManifest.xml:20:5-44
MERGED from [com.google.firebase:firebase-datatransport:18.0.0] AndroidManifest.xml:19:5-21:41
MERGED from [com.google.firebase:firebase-datatransport:18.0.0] AndroidManifest.xml:19:5-21:41
MERGED from [com.google.android.datatransport:transport-backend-cct:3.0.0] AndroidManifest.xml:19:5-21:41
MERGED from [com.google.android.datatransport:transport-backend-cct:3.0.0] AndroidManifest.xml:19:5-21:41
MERGED from [com.google.firebase:firebase-encoders-json:18.0.0] AndroidManifest.xml:19:5-21:41
MERGED from [com.google.firebase:firebase-encoders-json:18.0.0] AndroidManifest.xml:19:5-21:41
MERGED from [com.google.firebase:firebase-auth:21.0.1] AndroidManifest.xml:21:5-44
MERGED from [com.google.firebase:firebase-auth:21.0.1] AndroidManifest.xml:21:5-44
MERGED from [com.google.firebase:firebase-firestore:24.0.0] AndroidManifest.xml:7:5-9:41
MERGED from [com.google.firebase:firebase-firestore:24.0.0] AndroidManifest.xml:7:5-9:41
MERGED from [com.google.firebase:firebase-storage:20.0.0] AndroidManifest.xml:20:5-22:41
MERGED from [com.google.firebase:firebase-storage:20.0.0] AndroidManifest.xml:20:5-22:41
MERGED from [com.google.android.gms:play-services-measurement-api:20.0.0] AndroidManifest.xml:20:5-44
MERGED from [com.google.android.gms:play-services-measurement-api:20.0.0] AndroidManifest.xml:20:5-44
MERGED from [com.google.firebase:firebase-appcheck-interop:16.0.0-beta02] AndroidManifest.xml:19:5-21:41
MERGED from [com.google.firebase:firebase-appcheck-interop:16.0.0-beta02] AndroidManifest.xml:19:5-21:41
MERGED from [com.google.firebase:firebase-auth-interop:20.0.0] AndroidManifest.xml:5:5-44
MERGED from [com.google.firebase:firebase-auth-interop:20.0.0] AndroidManifest.xml:5:5-44
MERGED from [com.google.firebase:firebase-installations:17.0.0] AndroidManifest.xml:6:5-8:41